
              Logfile of Field Evaluation
              ===========================

Calculation window:
===================

 Coordinate System       : global (xyz)   cartesian
 Dimension               : 1D
 Direction (tangential)  : Y
 Stepsize                : 0.621323

                 low        high    stepsize
         ----------- ----------- -----------
       X           0           0           1
       Y -6.0516E+00  6.0531E+00  6.3709E-01
       Z           0           0           1

Evaluated field, component and result value:
============================================

 Evaluated field         : B-Field [1000]
 Field component         : Z
 Complex                 : Real Part
 Result Value            : 1D Plot of Field Values


Result Data:
============

